<?xml version="1.0" encoding="UTF-8"?>
<!-- Generated by org.testng.reporters.JUnitXMLReporter -->
<testsuite ignored="0" hostname="Dell" failures="0" tests="2" name="HostingWebSite Test" time="25.843" errors="0" timestamp="2021-05-17T12:43:00 PKT">
  <testcase classname="com.godaddy.testCases.TC_Godaddy_001" name="OpenGodaddy" time="8.339"/>
  <testcase classname="com.godaddy.testCases.TC_GodaddyValidateTest_002" name="GodaddyValidateTest" time="5.175"/>
</testsuite> <!-- HostingWebSite Test -->
