<?xml version="1.0" encoding="UTF-8"?>
<testng-results ignored="0" total="2" passed="2" failed="0" skipped="0">
  <reporter-output>
  </reporter-output>
  <suite started-at="2021-05-17T12:42:35 PKT" name="GoDaddy" finished-at="2021-05-17T12:43:00 PKT" duration-ms="25843">
    <groups>
    </groups>
    <test started-at="2021-05-17T12:42:35 PKT" name="HostingWebSite Test" finished-at="2021-05-17T12:43:00 PKT" duration-ms="25843">
      <class name="com.godaddy.testCases.TC_GodaddyValidateTest_002">
        <test-method is-config="true" signature="setup(java.lang.String)[pri:0, instance:com.godaddy.testCases.TC_GodaddyValidateTest_002@2898ac89]" started-at="2021-05-17T12:42:50 PKT" name="setup" finished-at="2021-05-17T12:42:54 PKT" duration-ms="4168" status="PASS">
          <params>
            <param index="0">
              <value>
                <![CDATA[chrome]]>
              </value>
            </param>
          </params>
          <reporter-output>
          </reporter-output>
        </test-method> <!-- setup -->
        <test-method signature="GodaddyValidateTest()[pri:0, instance:com.godaddy.testCases.TC_GodaddyValidateTest_002@2898ac89]" started-at="2021-05-17T12:42:54 PKT" name="GodaddyValidateTest" finished-at="2021-05-17T12:42:59 PKT" duration-ms="5175" status="PASS">
          <reporter-output>
          </reporter-output>
        </test-method> <!-- GodaddyValidateTest -->
        <test-method is-config="true" signature="tearDown()[pri:0, instance:com.godaddy.testCases.TC_GodaddyValidateTest_002@2898ac89]" started-at="2021-05-17T12:42:59 PKT" name="tearDown" finished-at="2021-05-17T12:43:00 PKT" duration-ms="1204" status="PASS">
          <reporter-output>
          </reporter-output>
        </test-method> <!-- tearDown -->
      </class> <!-- com.godaddy.testCases.TC_GodaddyValidateTest_002 -->
      <class name="com.godaddy.testCases.TC_Godaddy_001">
        <test-method is-config="true" signature="setup(java.lang.String)[pri:0, instance:com.godaddy.testCases.TC_Godaddy_001@5f8edcc5]" started-at="2021-05-17T12:42:35 PKT" name="setup" finished-at="2021-05-17T12:42:41 PKT" duration-ms="5739" status="PASS">
          <params>
            <param index="0">
              <value>
                <![CDATA[chrome]]>
              </value>
            </param>
          </params>
          <reporter-output>
          </reporter-output>
        </test-method> <!-- setup -->
        <test-method signature="OpenGodaddy()[pri:0, instance:com.godaddy.testCases.TC_Godaddy_001@5f8edcc5]" started-at="2021-05-17T12:42:41 PKT" name="OpenGodaddy" finished-at="2021-05-17T12:42:49 PKT" duration-ms="8339" status="PASS">
          <reporter-output>
          </reporter-output>
        </test-method> <!-- OpenGodaddy -->
        <test-method is-config="true" signature="tearDown()[pri:0, instance:com.godaddy.testCases.TC_Godaddy_001@5f8edcc5]" started-at="2021-05-17T12:42:49 PKT" name="tearDown" finished-at="2021-05-17T12:42:50 PKT" duration-ms="697" status="PASS">
          <reporter-output>
          </reporter-output>
        </test-method> <!-- tearDown -->
      </class> <!-- com.godaddy.testCases.TC_Godaddy_001 -->
    </test> <!-- HostingWebSite Test -->
  </suite> <!-- GoDaddy -->
</testng-results>
