<?xml version="1.0" encoding="UTF-8"?>
<testng-results ignored="0" total="2" passed="2" failed="0" skipped="0">
  <reporter-output>
  </reporter-output>
  <suite started-at="2021-05-17T10:51:25 PKT" name="GoDaddy" finished-at="2021-05-17T10:51:54 PKT" duration-ms="29510">
    <groups>
    </groups>
    <test started-at="2021-05-17T10:51:25 PKT" name="HostingWebSite Test" finished-at="2021-05-17T10:51:54 PKT" duration-ms="29510">
      <class name="com.godaddy.testCases.TC_GodaddyValidateTest_002">
        <test-method is-config="true" signature="setup(java.lang.String)[pri:0, instance:com.godaddy.testCases.TC_GodaddyValidateTest_002@c33b74f]" started-at="2021-05-17T10:51:43 PKT" name="setup" finished-at="2021-05-17T10:51:48 PKT" duration-ms="4884" status="PASS">
          <params>
            <param index="0">
              <value>
                <![CDATA[chrome]]>
              </value>
            </param>
          </params>
          <reporter-output>
          </reporter-output>
        </test-method> <!-- setup -->
        <test-method signature="GodaddyValidateTest()[pri:0, instance:com.godaddy.testCases.TC_GodaddyValidateTest_002@c33b74f]" started-at="2021-05-17T10:51:48 PKT" name="GodaddyValidateTest" finished-at="2021-05-17T10:51:53 PKT" duration-ms="5218" status="PASS">
          <reporter-output>
          </reporter-output>
        </test-method> <!-- GodaddyValidateTest -->
        <test-method is-config="true" signature="tearDown()[pri:0, instance:com.godaddy.testCases.TC_GodaddyValidateTest_002@c33b74f]" started-at="2021-05-17T10:51:53 PKT" name="tearDown" finished-at="2021-05-17T10:51:54 PKT" duration-ms="842" status="PASS">
          <reporter-output>
          </reporter-output>
        </test-method> <!-- tearDown -->
      </class> <!-- com.godaddy.testCases.TC_GodaddyValidateTest_002 -->
      <class name="com.godaddy.testCases.TC_Godaddy_001">
        <test-method is-config="true" signature="setup(java.lang.String)[pri:0, instance:com.godaddy.testCases.TC_Godaddy_001@35ef1869]" started-at="2021-05-17T10:51:25 PKT" name="setup" finished-at="2021-05-17T10:51:37 PKT" duration-ms="11943" status="PASS">
          <params>
            <param index="0">
              <value>
                <![CDATA[chrome]]>
              </value>
            </param>
          </params>
          <reporter-output>
          </reporter-output>
        </test-method> <!-- setup -->
        <test-method signature="OpenGodaddy()[pri:0, instance:com.godaddy.testCases.TC_Godaddy_001@35ef1869]" started-at="2021-05-17T10:51:37 PKT" name="OpenGodaddy" finished-at="2021-05-17T10:51:42 PKT" duration-ms="5163" status="PASS">
          <reporter-output>
          </reporter-output>
        </test-method> <!-- OpenGodaddy -->
        <test-method is-config="true" signature="tearDown()[pri:0, instance:com.godaddy.testCases.TC_Godaddy_001@35ef1869]" started-at="2021-05-17T10:51:42 PKT" name="tearDown" finished-at="2021-05-17T10:51:43 PKT" duration-ms="804" status="PASS">
          <reporter-output>
          </reporter-output>
        </test-method> <!-- tearDown -->
      </class> <!-- com.godaddy.testCases.TC_Godaddy_001 -->
    </test> <!-- HostingWebSite Test -->
  </suite> <!-- GoDaddy -->
</testng-results>
