<?xml version="1.0" encoding="UTF-8"?>
<!-- Generated by org.testng.reporters.JUnitXMLReporter -->
<testsuite ignored="0" hostname="Dell" failures="0" tests="2" name="HostingWebSite Test" time="29.51" errors="0" timestamp="2021-05-17T10:51:54 PKT">
  <testcase classname="com.godaddy.testCases.TC_Godaddy_001" name="OpenGodaddy" time="5.163"/>
  <testcase classname="com.godaddy.testCases.TC_GodaddyValidateTest_002" name="GodaddyValidateTest" time="5.218"/>
</testsuite> <!-- HostingWebSite Test -->
